0 info it worked if it ends with ok
1 verbose cli [ '/usr/local/bin/node',
1 verbose cli   '/usr/local/bin/npm',
1 verbose cli   'install',
1 verbose cli   '-g',
1 verbose cli   'bower-installer' ]
2 info using npm@1.4.3
3 info using node@v0.11.13-pre
4 verbose cache add [ 'bower-installer', null ]
5 verbose cache add name=undefined spec="bower-installer" args=["bower-installer",null]
6 verbose parsed url { protocol: null,
6 verbose parsed url   slashes: null,
6 verbose parsed url   auth: null,
6 verbose parsed url   host: null,
6 verbose parsed url   port: null,
6 verbose parsed url   hostname: null,
6 verbose parsed url   hash: null,
6 verbose parsed url   search: null,
6 verbose parsed url   query: null,
6 verbose parsed url   pathname: 'bower-installer',
6 verbose parsed url   path: 'bower-installer',
6 verbose parsed url   href: 'bower-installer' }
7 silly lockFile e75a97de-bower-installer bower-installer
8 verbose lock bower-installer /home/arvey/.npm/e75a97de-bower-installer.lock
9 silly lockFile e75a97de-bower-installer bower-installer
10 silly lockFile e75a97de-bower-installer bower-installer
11 verbose addNamed [ 'bower-installer', '' ]
12 verbose addNamed [ null, '*' ]
13 silly lockFile 8dda27d5-bower-installer bower-installer@
14 verbose lock bower-installer@ /home/arvey/.npm/8dda27d5-bower-installer.lock
15 silly addNameRange { name: 'bower-installer', range: '*', hasData: false }
16 verbose url raw bower-installer
17 verbose url resolving [ 'https://registry.npmjs.org/', './bower-installer' ]
18 verbose url resolved https://registry.npmjs.org/bower-installer
19 info trying registry request attempt 1 at 17:20:51
20 verbose etag "53WS0JID2HG9ON0TMVXDSIA3R"
21 http GET https://registry.npmjs.org/bower-installer
22 info retry will retry, error on last attempt: Error: getaddrinfo ENOTFOUND
23 info trying registry request attempt 2 at 17:21:14
24 verbose etag "53WS0JID2HG9ON0TMVXDSIA3R"
25 http GET https://registry.npmjs.org/bower-installer
26 info retry will retry, error on last attempt: Error: getaddrinfo ENOTFOUND
27 info trying registry request attempt 3 at 17:22:24
28 verbose etag "53WS0JID2HG9ON0TMVXDSIA3R"
29 http GET https://registry.npmjs.org/bower-installer
30 silly registry.get cb [ 304, undefined ]
31 verbose etag bower-installer from cache
32 silly addNameRange number 2 { name: 'bower-installer', range: '*', hasData: true }
33 silly addNameRange versions [ 'bower-installer',
33 silly addNameRange   [ '0.0.3',
33 silly addNameRange     '0.0.4',
33 silly addNameRange     '0.0.5',
33 silly addNameRange     '0.0.6',
33 silly addNameRange     '0.0.7',
33 silly addNameRange     '0.0.8',
33 silly addNameRange     '0.0.9',
33 silly addNameRange     '0.0.10',
33 silly addNameRange     '0.0.11',
33 silly addNameRange     '0.1.0',
33 silly addNameRange     '0.1.2',
33 silly addNameRange     '0.2.0',
33 silly addNameRange     '0.2.1',
33 silly addNameRange     '0.2.2',
33 silly addNameRange     '0.3.0',
33 silly addNameRange     '0.4.0',
33 silly addNameRange     '0.4.1',
33 silly addNameRange     '0.4.2',
33 silly addNameRange     '0.4.3',
33 silly addNameRange     '0.4.4',
33 silly addNameRange     '0.4.5',
33 silly addNameRange     '0.5.0',
33 silly addNameRange     '0.6.0',
33 silly addNameRange     '0.6.1',
33 silly addNameRange     '0.6.2',
33 silly addNameRange     '0.7.0',
33 silly addNameRange     '0.7.1' ] ]
34 verbose addNamed [ 'bower-installer', '0.7.1' ]
35 verbose addNamed [ '0.7.1', '0.7.1' ]
36 silly lockFile 81083f3a-bower-installer-0-7-1 bower-installer@0.7.1
37 verbose lock bower-installer@0.7.1 /home/arvey/.npm/81083f3a-bower-installer-0-7-1.lock
38 silly lockFile 81083f3a-bower-installer-0-7-1 bower-installer@0.7.1
39 silly lockFile 81083f3a-bower-installer-0-7-1 bower-installer@0.7.1
40 silly lockFile 8dda27d5-bower-installer bower-installer@
41 silly lockFile 8dda27d5-bower-installer bower-installer@
42 silly resolved [ { name: 'bower-installer',
42 silly resolved     version: '0.7.1',
42 silly resolved     preferGlobal: 'true',
42 silly resolved     description: 'Tool for installing bower dependencies that won\'t include entire repos',
42 silly resolved     main: 'bower-installer.js',
42 silly resolved     dependencies:
42 silly resolved      { 'node-fs': '~0.1.7',
42 silly resolved        bower: '~1.2.8',
42 silly resolved        colors: '~0.6.0-1',
42 silly resolved        lodash: '~0.9.1',
42 silly resolved        glob: '~3.2.7',
42 silly resolved        nopt: '~2.1.2',
42 silly resolved        async: '~0.2.9',
42 silly resolved        mkdirp: '~0.3.5' },
42 silly resolved     devDependencies:
42 silly resolved      { grunt: '~0.4.2',
42 silly resolved        'grunt-jasmine-node': '~0.1.0',
42 silly resolved        async: '~0.2.9',
42 silly resolved        rimraf: '~2.2.2' },
42 silly resolved     scripts: { test: 'grunt' },
42 silly resolved     repository:
42 silly resolved      { type: 'git',
42 silly resolved        url: 'https://github.com/blittle/bower-installer' },
42 silly resolved     keywords: [ 'bower', 'install', 'dependencies' ],
42 silly resolved     author: { name: 'Bret Little' },
42 silly resolved     license: 'BSD',
42 silly resolved     bin: { 'bower-installer': './bower-installer.js' },
42 silly resolved     readme: 'bower-installer\n===============\n\nTool for installing bower dependencies that won\'t include entire repos. Although Bower works great\nas a light-weight tool to quickly install browser dependencies, it currently does not provide much\nfunctionality for installing specific "built" components for the client.\n\n#Bower installs entire repositories\n\n```javascript\n{\n  "name" : "test",\n  "version": "0.1",\n  "dependencies" : {\n    "backbone" : "latest"\n  }\n}\n```\nIf `bower install` is run on this configuration file, the entire backbone repository will be pulled down\nand copied into a components directory. This repository is quite large, when probably only a built js and css\nfile are needed.  Bower conveniently provides the `bower list --paths` command to list the actual main files associated\nwith the components (if the component doesn\'t define a main, then the whole repository is listed instead).\n\n#Bower Installer\nBower installer provides an easy way for the main files to be installed or moved to one or more locations. Simply add to\nyour bower.json an `install` key and `path` attribute:\n\n```javascript\n{\n  "name" : "test",\n  "version": "0.1",\n  "dependencies" : {\n    "backbone" : "latest"\n  },\n  "install" : {\n    "path" : "some/path"\n  }\n}\n```\n\nInstall bower-installer by executing\n\n```bash\nnpm install -g bower-installer\n```\n\nFrom the terminal in the same directory as your bower.json file, enter:\n```bash\nbower-installer\n```\n\nAfter executing this, `backbone.js` will exist under `some/path` relative to the location of your\nbower.json file.\n\n#Overriding main files\nA lot of registered components for bower do not include bower.json configuration. Therefore, bower does not know\nabout any "main files" and therefore, by default bower-installer doesn\'t know about them either. Bower-installer\ncan override an existing main file path or provide a non-existant one:\n\n```javascript\n{\n  "name" : "test",\n  "version": "0.1",\n  "dependencies" : {\n    "backbone" : "latest",\n    "requirejs" : "latest"\n  },\n  "install" : {\n    "path" : "some/path",\n    "sources" : {\n      "requirejs" : "components/requirejs/require.js"\n    }\n  }\n}\n```\nIf bower installer is run on this configuration, `require.js` and `backbone.js` will all appear under\n`some/path` relative to your bower.json file.\n\n#Install multiple main files\nFor one reason or another you may want to install multiple files from a single component. You can do this by providing\nan `Array` instead of a `String` inside the sources hash:\n\n```javascript\n{\n  "name" : "test",\n  "version": "0.1",\n  "dependencies" : {\n    "jquery-ui" : "latest"\n  },\n  "install" : {\n    "path" : "some/path",\n    "sources" : {\n      "jquery-ui" : [\n        "components/jquery-ui/ui/jquery-ui.custom.js",\n        "components/jquery-ui/themes/start/jquery-ui.css"\n      ]\n    }\n  }\n}\n```\n\n#Install files to multiple locations\nFiles can be installed to multiple locations based upon file type. Do so by modifying the `path` to be a map of file-type\n locations. Example:\n ```javascript\n{\n  "name" : "test",\n  "version": "0.1",\n  "dependencies" : {\n    "jquery-ui" : "latest"\n  },\n  "install" : {\n    "path" : {\n      "css": "src/css",\n      "js": "src/js"\n    },\n    "sources" : {\n      "jquery-ui" : [\n        "components/jquery-ui/ui/jquery-ui.custom.js",\n        "components/jquery-ui/themes/start/jquery-ui.css"\n      ]\n    }\n  }\n}\n```\n',
42 silly resolved     readmeFilename: 'README.md',
42 silly resolved     bugs: { url: 'https://github.com/blittle/bower-installer/issues' },
42 silly resolved     _id: 'bower-installer@0.7.1',
42 silly resolved     dist: { shasum: '37c85aed13e693f4d1347cf7dae5e9d68a40a28e' },
42 silly resolved     _from: 'bower-installer@',
42 silly resolved     _resolved: 'https://registry.npmjs.org/bower-installer/-/bower-installer-0.3.0.tgz',
42 silly resolved     homepage: 'https://github.com/blittle/bower-installer' } ]
43 info install bower-installer@0.7.1 into /usr/local/lib
44 info installOne bower-installer@0.7.1
45 info /usr/local/lib/node_modules/bower-installer unbuild
46 verbose tar unpack /home/arvey/.npm/bower-installer/0.7.1/package.tgz
47 silly lockFile 8cdb7d17-lib-node-modules-bower-installer tar:///usr/local/lib/node_modules/bower-installer
48 verbose lock tar:///usr/local/lib/node_modules/bower-installer /home/arvey/.npm/8cdb7d17-lib-node-modules-bower-installer.lock
49 silly lockFile 43a0eb53-ower-installer-0-7-1-package-tgz tar:///home/arvey/.npm/bower-installer/0.7.1/package.tgz
50 verbose lock tar:///home/arvey/.npm/bower-installer/0.7.1/package.tgz /home/arvey/.npm/43a0eb53-ower-installer-0-7-1-package-tgz.lock
51 silly gunzTarPerm modes [ '755', '644' ]
52 error Error: EACCES, mkdir '/usr/local/lib/node_modules/bower-installer'
52 error     at Error (native)
52 error  { [Error: EACCES, mkdir '/usr/local/lib/node_modules/bower-installer']
52 error   stack: 'Error: EACCES, mkdir \'/usr/local/lib/node_modules/bower-installer\'\n    at Error (native)',
52 error   errno: -13,
52 error   code: 'EACCES',
52 error   path: '/usr/local/lib/node_modules/bower-installer',
52 error   fstream_type: 'Directory',
52 error   fstream_path: '/usr/local/lib/node_modules/bower-installer',
52 error   fstream_class: 'DirWriter',
52 error   fstream_stack:
52 error    [ '/usr/local/lib/node_modules/npm/node_modules/fstream/lib/dir-writer.js:36:23',
52 error      '/usr/local/lib/node_modules/npm/node_modules/mkdirp/index.js:37:53',
52 error      'Object.oncomplete (fs.js:97:15)' ] }
53 error Please try running this command again as root/Administrator.
54 error System Linux 3.8.0-38-generic
55 error command "/usr/local/bin/node" "/usr/local/bin/npm" "install" "-g" "bower-installer"
56 error cwd /home/arvey/Project/Aura
57 error node -v v0.11.13-pre
58 error npm -v 1.4.3
59 error path /usr/local/lib/node_modules/bower-installer
60 error fstream_path /usr/local/lib/node_modules/bower-installer
61 error fstream_type Directory
62 error fstream_class DirWriter
63 error code EACCES
64 error errno -13
65 error stack Error: EACCES, mkdir '/usr/local/lib/node_modules/bower-installer'
65 error stack     at Error (native)
66 error fstream_stack /usr/local/lib/node_modules/npm/node_modules/fstream/lib/dir-writer.js:36:23
66 error fstream_stack /usr/local/lib/node_modules/npm/node_modules/mkdirp/index.js:37:53
66 error fstream_stack Object.oncomplete (fs.js:97:15)
67 verbose exit [ -13, true ]
